c:\users\rock\desktop\computer_graphics\final_project\opengl-room-experience\project\debug\vc120.pdb
c:\users\rock\desktop\computer_graphics\final_project\opengl-room-experience\project\debug\vc120.idb
c:\users\rock\desktop\computer_graphics\final_project\opengl-room-experience\project\debug\camera.obj
c:\users\rock\desktop\computer_graphics\final_project\opengl-room-experience\project\debug\loadshaders.obj
c:\users\rock\desktop\computer_graphics\final_project\opengl-room-experience\project\debug\main.obj
c:\users\rock\desktop\computer_graphics\final_project\opengl-room-experience\project\debug\stb_image.obj
c:\users\rock\desktop\computer_graphics\final_project\opengl-room-experience\project\debug\texture.obj
c:\users\rock\desktop\computer_graphics\final_project\opengl-room-experience\project\debug\.netframework,version=v4.0.assemblyattributes.obj
c:\users\rock\desktop\computer_graphics\final_project\opengl-room-experience\project\debug\shader.obj
c:\users\rock\desktop\computer_graphics\final_project\opengl-room-experience\debug\project.exe
c:\users\rock\desktop\computer_graphics\final_project\opengl-room-experience\debug\project.pdb
c:\users\rock\desktop\computer_graphics\final_project\opengl-room-experience\project\debug\project.vcxprojresolveassemblyreference.cache
c:\users\rock\desktop\computer_graphics\final_project\opengl-room-experience\project\debug\project.tlog\cl.command.1.tlog
c:\users\rock\desktop\computer_graphics\final_project\opengl-room-experience\project\debug\project.tlog\cl.read.1.tlog
c:\users\rock\desktop\computer_graphics\final_project\opengl-room-experience\project\debug\project.tlog\cl.write.1.tlog
c:\users\rock\desktop\computer_graphics\final_project\opengl-room-experience\project\debug\project.tlog\link.command.1.tlog
c:\users\rock\desktop\computer_graphics\final_project\opengl-room-experience\project\debug\project.tlog\link.read.1.tlog
c:\users\rock\desktop\computer_graphics\final_project\opengl-room-experience\project\debug\project.tlog\link.write.1.tlog
c:\users\rock\desktop\computer_graphics\final_project\opengl-room-experience\project\debug\project.tlog\metagen.read.1.tlog
c:\users\rock\desktop\computer_graphics\final_project\opengl-room-experience\project\debug\project.tlog\metagen.write.1.tlog
c:\users\rock\desktop\computer_graphics\final_project\opengl-room-experience\project\debug\project.tlog\tzres.dll.bi
