Build started 12/12/2014 10:24:59 AM.
     1>Project "C:\Users\Rock\Desktop\Computer_graphics\Assignment_5_Rock-Batu\project\project.vcxproj" on node 2 (Build target(s)).
     1>ClCompile:
         C:\Program Files (x86)\Microsoft Visual Studio 12.0\VC\bin\CL.exe /c /I"C:\Users\Rock\Desktop\Computer_graphics\Assignment_5_Rock-Batu\\Debug\include" /Zi /nologo /W3 /WX- /Od /Oy- /D WIN32 /D _DEBUG /D _CONSOLE /D _UNICODE /D UNICODE /Gm /EHsc /RTC1 /MDd /GS /fp:precise /Zc:wchar_t /Zc:forScope /Fo"Debug\\" /Fd"Debug\vc120.pdb" /Gd /TP /analyze- /errorReport:prompt Camera.cpp LoadShaders.cpp main.cpp stb_image.cpp texture.cpp
         texture.cpp
         stb_image.cpp
     1>stb_image.cpp(300): warning C4996: 'fopen': This function or variable may be unsafe. Consider using fopen_s instead. To disable deprecation, use _CRT_SECURE_NO_WARNINGS. See online help for details.
                 C:\Program Files (x86)\Microsoft Visual Studio 12.0\VC\include\stdio.h(211) : see declaration of 'fopen'
     1>stb_image.cpp(362): warning C4996: 'fopen': This function or variable may be unsafe. Consider using fopen_s instead. To disable deprecation, use _CRT_SECURE_NO_WARNINGS. See online help for details.
                 C:\Program Files (x86)\Microsoft Visual Studio 12.0\VC\include\stdio.h(211) : see declaration of 'fopen'
     1>stb_image.cpp(400): warning C4996: 'fopen': This function or variable may be unsafe. Consider using fopen_s instead. To disable deprecation, use _CRT_SECURE_NO_WARNINGS. See online help for details.
                 C:\Program Files (x86)\Microsoft Visual Studio 12.0\VC\include\stdio.h(211) : see declaration of 'fopen'
     1>stb_image.cpp(4293): warning C4996: 'fopen': This function or variable may be unsafe. Consider using fopen_s instead. To disable deprecation, use _CRT_SECURE_NO_WARNINGS. See online help for details.
                 C:\Program Files (x86)\Microsoft Visual Studio 12.0\VC\include\stdio.h(211) : see declaration of 'fopen'
         main.cpp
     1>main.cpp(189): warning C4305: '=' : truncation from 'double' to 'GLfloat'
     1>main.cpp(179): warning C4101: 'i' : unreferenced local variable
     1>main.cpp(179): warning C4101: 'j' : unreferenced local variable
     1>main.cpp(412): warning C4305: 'initializing' : truncation from 'double' to 'float'
         LoadShaders.cpp
         Camera.cpp
     1>Camera.cpp(44): warning C4244: 'initializing' : conversion from 'double' to 'float', possible loss of data
     1>Camera.cpp(52): warning C4101: 'camera_mat' : unreferenced local variable
         Generating Code...
       Link:
         C:\Program Files (x86)\Microsoft Visual Studio 12.0\VC\bin\link.exe /ERRORREPORT:PROMPT /OUT:"C:\Users\Rock\Desktop\Computer_graphics\Assignment_5_Rock-Batu\Debug\project.exe" /INCREMENTAL:NO /NOLOGO /LIBPATH:"C:\Users\Rock\Desktop\Computer_graphics\Assignment_5_Rock-Batu\\Debug\lib" glew32.lib freeglut.lib kernel32.lib user32.lib gdi32.lib winspool.lib comdlg32.lib advapi32.lib shell32.lib ole32.lib oleaut32.lib uuid.lib odbc32.lib odbccp32.lib /MANIFEST /MANIFESTUAC:"level='asInvoker' uiAccess='false'" /manifest:embed /DEBUG /PDB:"C:\Users\Rock\Desktop\Computer_graphics\Assignment_5_Rock-Batu\Debug\project.pdb" /SUBSYSTEM:CONSOLE /TLBID:1 /DYNAMICBASE /NXCOMPAT /IMPLIB:"C:\Users\Rock\Desktop\Computer_graphics\Assignment_5_Rock-Batu\Debug\project.lib" /MACHINE:X86 Debug\Camera.obj
         Debug\LoadShaders.obj
         Debug\main.obj
         Debug\stb_image.obj
         Debug\texture.obj
         project.vcxproj -> C:\Users\Rock\Desktop\Computer_graphics\Assignment_5_Rock-Batu\Debug\project.exe
     1>Done Building Project "C:\Users\Rock\Desktop\Computer_graphics\Assignment_5_Rock-Batu\project\project.vcxproj" (Build target(s)).

Build succeeded.

Time Elapsed 00:00:04.59
